<?xml version="1.0" encoding="UTF-8"?>
<!-- Generated by org.testng.reporters.JUnitReportReporter -->
<testsuite hostname="DESKTOP-HE68M17" failures="0" tests="1" name="com.differentWaysToPost.CreateProjectUsingHashMap" time="7.130" errors="0" timestamp="2022-09-03T10:44:25 IST" skipped="0">
  <testcase classname="com.differentWaysToPost.CreateProjectUsingHashMap" name="createProject" time="7.130"/>
</testsuite> <!-- com.differentWaysToPost.CreateProjectUsingHashMap -->
