<?xml version="1.0" encoding="UTF-8"?>
<!-- Generated by org.testng.reporters.JUnitReportReporter -->
<testsuite hostname="DESKTOP-HE68M17" failures="0" tests="1" name="com.crudOperationwithoutBDD.DeleteProjectTest" time="4.387" errors="0" timestamp="2022-09-01T17:48:24 IST" skipped="0">
  <testcase classname="com.crudOperationwithoutBDD.DeleteProjectTest" name="delete" time="4.387"/>
</testsuite> <!-- com.crudOperationwithoutBDD.DeleteProjectTest -->
