<?xml version="1.0" encoding="UTF-8"?>
<!-- Generated by org.testng.reporters.JUnitReportReporter -->
<testsuite hostname="DESKTOP-HE68M17" failures="0" tests="1" name="com.rmg.parametertest.getOneProjectUsingPathParam" time="5.241" errors="0" timestamp="2022-09-01T12:39:37 IST" skipped="0">
  <testcase classname="com.rmg.parametertest.getOneProjectUsingPathParam" name="getRepoTest" time="5.241"/>
</testsuite> <!-- com.rmg.parametertest.getOneProjectUsingPathParam -->
