<?xml version="1.0" encoding="UTF-8"?>
<!-- Generated by org.testng.reporters.JUnitReportReporter -->
<testsuite hostname="DESKTOP-HE68M17" failures="0" tests="1" name="com.crudOperationwithBDD.AddProjectTest" time="7.384" errors="0" timestamp="2022-09-03T11:05:04 IST" skipped="0">
  <testcase classname="com.crudOperationwithBDD.AddProjectTest" name="Create" time="7.384"/>
</testsuite> <!-- com.crudOperationwithBDD.AddProjectTest -->
