<?xml version="1.0" encoding="UTF-8"?>
<!-- Generated by org.testng.reporters.JUnitReportReporter -->
<testsuite hostname="DESKTOP-HE68M17" failures="0" tests="1" name="com.crudOperationwithBDD.UpdateProjectTest" time="3.777" errors="0" timestamp="2022-09-02T15:58:18 IST" skipped="0">
  <testcase classname="com.crudOperationwithBDD.UpdateProjectTest" name="update" time="3.777"/>
</testsuite> <!-- com.crudOperationwithBDD.UpdateProjectTest -->
