<?xml version="1.0" encoding="UTF-8"?>
<!-- Generated by org.testng.reporters.JUnitReportReporter -->
<testsuite hostname="DESKTOP-HE68M17" failures="0" tests="1" name="com.crudOperationwithoutBDD.UpdateProjectTest" time="10.365" errors="0" timestamp="2022-09-02T11:17:49 IST" skipped="0">
  <testcase classname="com.crudOperationwithoutBDD.UpdateProjectTest" name="update" time="10.365"/>
</testsuite> <!-- com.crudOperationwithoutBDD.UpdateProjectTest -->
