<?xml version="1.0" encoding="UTF-8"?>
<!-- Generated by org.testng.reporters.JUnitReportReporter -->
<testsuite hostname="DESKTOP-HE68M17" failures="0" tests="1" name="com.crudOperationwithBDD.deleteProjectTest" time="4.768" errors="0" timestamp="2022-09-02T16:09:12 IST" skipped="0">
  <testcase classname="com.crudOperationwithBDD.deleteProjectTest" name="deleteProject" time="4.768"/>
</testsuite> <!-- com.crudOperationwithBDD.deleteProjectTest -->
