<?xml version="1.0" encoding="UTF-8"?>
<!-- Generated by org.testng.reporters.JUnitReportReporter -->
<testsuite hostname="DESKTOP-HE68M17" failures="0" tests="1" name="com.crudOperationwithoutBDD.AddProjectTest" time="3.921" errors="0" timestamp="2022-09-01T16:42:51 IST" skipped="0">
  <testcase classname="com.crudOperationwithoutBDD.AddProjectTest" name="Create" time="3.921"/>
</testsuite> <!-- com.crudOperationwithoutBDD.AddProjectTest -->
