<?xml version="1.0" encoding="UTF-8"?>
<!-- Generated by org.testng.reporters.JUnitReportReporter -->
<testsuite hostname="DESKTOP-HE68M17" failures="0" tests="1" name="com.crudOperationwithBDD.getSingleProjectTest" time="3.641" errors="0" timestamp="2022-09-02T16:44:11 IST" skipped="0">
  <testcase classname="com.crudOperationwithBDD.getSingleProjectTest" name="getSingleProject" time="3.641"/>
</testsuite> <!-- com.crudOperationwithBDD.getSingleProjectTest -->
