<?xml version="1.0" encoding="UTF-8"?>
<!-- Generated by org.testng.reporters.JUnitReportReporter -->
<testsuite hostname="DESKTOP-HE68M17" failures="0" tests="1" name="com.crudOperationwithoutBDD.getAllProjectTest" time="4.032" errors="0" timestamp="2022-09-01T17:19:01 IST" skipped="0">
  <testcase classname="com.crudOperationwithoutBDD.getAllProjectTest" name="getallProject" time="4.032"/>
</testsuite> <!-- com.crudOperationwithoutBDD.getAllProjectTest -->
