<?xml version="1.0" encoding="UTF-8"?>
<!-- Generated by org.testng.reporters.JUnitReportReporter -->
<testsuite hostname="DESKTOP-HE68M17" failures="0" tests="1" name="com.rmg.projecttest.SampleProjectTest" time="3.055" errors="0" timestamp="2022-09-01T11:59:13 IST" skipped="0">
  <testcase classname="com.rmg.projecttest.SampleProjectTest" name="getAllProjectTest" time="3.055"/>
</testsuite> <!-- com.rmg.projecttest.SampleProjectTest -->
