<?xml version="1.0" encoding="UTF-8"?>
<!-- Generated by org.testng.reporters.JUnitReportReporter -->
<testsuite hostname="DESKTOP-HE68M17" failures="0" tests="1" name="com.crudOperationwithBDD.getAllProjects" time="3.166" errors="0" timestamp="2022-09-02T16:09:32 IST" skipped="0">
  <testcase classname="com.crudOperationwithBDD.getAllProjects" name="getallProject" time="3.166"/>
</testsuite> <!-- com.crudOperationwithBDD.getAllProjects -->
