<?xml version="1.0" encoding="UTF-8"?>
<!-- Generated by org.testng.reporters.JUnitReportReporter -->
<testsuite hostname="DESKTOP-HE68M17" failures="0" tests="1" name="authentication.auth2" time="6.182" errors="0" timestamp="2022-09-08T13:09:47 IST" skipped="0">
  <testcase classname="authentication.auth2" name="auth2" time="6.182"/>
  <system-out/>
</testsuite> <!-- authentication.auth2 -->
