<?xml version="1.0" encoding="UTF-8"?>
<!-- Generated by org.testng.reporters.JUnitReportReporter -->
<testsuite hostname="DESKTOP-HE68M17" failures="0" tests="1" name="com.differentWaysToPost.AddProjectWithPojoClassTest" time="5.385" errors="0" timestamp="2022-09-02T17:26:57 IST" skipped="0">
  <testcase classname="com.differentWaysToPost.AddProjectWithPojoClassTest" name="addProject" time="5.385"/>
</testsuite> <!-- com.differentWaysToPost.AddProjectWithPojoClassTest -->
